<?xml version="1.0" encoding="UTF-8"?>
<testng-results ignored="0" total="2" passed="2" failed="0" skipped="0">
  <reporter-output>
  </reporter-output>
  <suite started-at="2022-10-08T17:13:54 IST" name="Default suite" finished-at="2022-10-08T17:13:58 IST" duration-ms="4242">
    <groups>
    </groups>
    <test started-at="2022-10-08T17:13:54 IST" name="Default test" finished-at="2022-10-08T17:13:58 IST" duration-ms="4242">
      <class name="tests.TestFeature">
        <test-method is-config="true" signature="preCondition()[pri:0, instance:tests.TestFeature@543588e6]" started-at="2022-10-08T17:13:54 IST" name="preCondition" finished-at="2022-10-08T17:13:55 IST" duration-ms="803" status="PASS">
          <reporter-output>
          </reporter-output>
        </test-method> <!-- preCondition -->
        <test-method signature="getUsersFromFancodeCity()[pri:0, instance:tests.TestFeature@543588e6]" started-at="2022-10-08T17:13:55 IST" name="getUsersFromFancodeCity" finished-at="2022-10-08T17:13:58 IST" duration-ms="2802" status="PASS">
          <reporter-output>
          </reporter-output>
        </test-method> <!-- getUsersFromFancodeCity -->
        <test-method signature="checkIfTodosAreCompletedMoreThanHalfForDreamCityUsers()[pri:0, instance:tests.TestFeature@543588e6]" started-at="2022-10-08T17:13:58 IST" name="checkIfTodosAreCompletedMoreThanHalfForDreamCityUsers" finished-at="2022-10-08T17:13:58 IST" depends-on-methods="tests.TestFeature.getUsersFromFancodeCity" duration-ms="544" status="PASS">
          <reporter-output>
          </reporter-output>
        </test-method> <!-- checkIfTodosAreCompletedMoreThanHalfForDreamCityUsers -->
      </class> <!-- tests.TestFeature -->
    </test> <!-- Default test -->
  </suite> <!-- Default suite -->
</testng-results>
